# DO NOT EDIT THIS FILE. IT HAS BEEN AUTOMATICALLY GENERATED.
# This file contains the list of files installed by MCEF.
# If you remove MCEF, they are no longer needed and you can safely remove them,
# or you can let the uninstaller do it for you. Just run the MCEF mod jar using Java.

C:/Users/Henrique/curseforge/minecraft/Instances/cinema/jcef/chrome_100_percent.pak
C:/Users/Henrique/curseforge/minecraft/Instances/cinema/jcef/chrome_200_percent.pak
C:/Users/Henrique/curseforge/minecraft/Instances/cinema/jcef/chrome_elf.dll
C:/Users/Henrique/curseforge/minecraft/Instances/cinema/jcef/d3dcompiler_47.dll
C:/Users/Henrique/curseforge/minecraft/Instances/cinema/jcef/icudtl.dat
C:/Users/Henrique/curseforge/minecraft/Instances/cinema/jcef/jcef.dll
C:/Users/Henrique/curseforge/minecraft/Instances/cinema/jcef/jcef.exp
C:/Users/Henrique/curseforge/minecraft/Instances/cinema/jcef/jcef_helper.exe
C:/Users/Henrique/curseforge/minecraft/Instances/cinema/jcef/jcef.lib
C:/Users/Henrique/curseforge/minecraft/Instances/cinema/jcef/libcef.dll
C:/Users/Henrique/curseforge/minecraft/Instances/cinema/jcef/libEGL.dll
C:/Users/Henrique/curseforge/minecraft/Instances/cinema/jcef/libGLESv2.dll
C:/Users/Henrique/curseforge/minecraft/Instances/cinema/jcef/resources.pak
C:/Users/Henrique/curseforge/minecraft/Instances/cinema/jcef/locales.zip
C:/Users/Henrique/curseforge/minecraft/Instances/cinema/jcef/snapshot_blob.bin
C:/Users/Henrique/curseforge/minecraft/Instances/cinema/jcef/v8_context_snapshot.bin
C:/Users/Henrique/curseforge/minecraft/Instances/cinema/jcef/vk_swiftshader.dll
C:/Users/Henrique/curseforge/minecraft/Instances/cinema/jcef/vk_swiftshader_icd.json
C:/Users/Henrique/curseforge/minecraft/Instances/cinema/jcef/vulkan-1.dll
C:/Users/Henrique/curseforge/minecraft/Instances/cinema/jcef/swiftshader/libEGL.dll
C:/Users/Henrique/curseforge/minecraft/Instances/cinema/jcef/swiftshader/libGLESv2.dll
locales/am.pak
locales/ar.pak
locales/bg.pak
locales/bn.pak
locales/ca.pak
locales/cs.pak
locales/da.pak
locales/de.pak
locales/el.pak
locales/en-GB.pak
locales/en-US.pak
locales/es-419.pak
locales/es.pak
locales/et.pak
locales/fa.pak
locales/fi.pak
locales/fil.pak
locales/fr.pak
locales/gu.pak
locales/he.pak
locales/hi.pak
locales/hr.pak
locales/hu.pak
locales/id.pak
locales/it.pak
locales/ja.pak
locales/kn.pak
locales/ko.pak
locales/lt.pak
locales/lv.pak
locales/ml.pak
locales/mr.pak
locales/ms.pak
locales/nb.pak
locales/nl.pak
locales/pl.pak
locales/pt-BR.pak
locales/pt-PT.pak
locales/ro.pak
locales/ru.pak
locales/sk.pak
locales/sl.pak
locales/sr.pak
locales/sv.pak
locales/sw.pak
locales/ta.pak
locales/te.pak
locales/th.pak
locales/tr.pak
locales/uk.pak
locales/vi.pak
locales/zh-CN.pak
locales/zh-TW.pak
locales
